<?xml version="1.0" encoding="UTF-8"?>
<!-- Generated by org.testng.reporters.JUnitReportReporter -->
<testsuite hostname="110031-E7440" name="com.galenframework.java.sample.tests.WelcomePageTest" tests="3" failures="3" timestamp="6 Apr 2017 22:45:51 GMT" time="43.182" errors="0">
  <testcase name="verify_Header_Footer_alignment" time="14.056" classname="com.galenframework.java.sample.tests.WelcomePageTest">
    <failure type="com.galenframework.parser.SyntaxException" message="Unknown statement: aligned horizontally centered mavrik-logo
    in /specs/mavrikCommon.spec:10">
      <![CDATA[com.galenframework.parser.SyntaxException: Unknown statement: aligned horizontally centered mavrik-logo
    in /specs/mavrikCommon.spec:10
	at com.galenframework.speclang2.pagespec.PageSectionProcessor.processSection(PageSectionProcessor.java:77)
	at com.galenframework.speclang2.pagespec.PageSectionProcessor.process(PageSectionProcessor.java:63)
	at com.galenframework.speclang2.pagespec.PostProcessor.processNode(PostProcessor.java:39)
	at com.galenframework.speclang2.pagespec.PostProcessor.process(PostProcessor.java:33)
	at com.galenframework.speclang2.pagespec.PageSpecReader.read(PageSpecReader.java:62)
	at com.galenframework.speclang2.pagespec.PageSpecReader.read(PageSpecReader.java:45)
	at com.galenframework.api.Galen.checkLayout(Galen.java:68)
	at com.galenframework.api.Galen.checkLayout(Galen.java:59)
	at com.galenframework.api.Galen.checkLayout(Galen.java:52)
	at com.galenframework.api.Galen.checkLayout(Galen.java:141)
	at com.galenframework.support.GalenJavaTestBase.checkLayout(GalenJavaTestBase.java:125)
	at com.galenframework.support.GalenJavaTestBase.checkLayout(GalenJavaTestBase.java:111)
	at com.galenframework.java.sample.tests.WelcomePageTest.verify_Header_Footer_alignment(WelcomePageTest.java:16)
	at sun.reflect.NativeMethodAccessorImpl.invoke0(Native Method)
	at sun.reflect.NativeMethodAccessorImpl.invoke(NativeMethodAccessorImpl.java:62)
	at sun.reflect.DelegatingMethodAccessorImpl.invoke(DelegatingMethodAccessorImpl.java:43)
	at java.lang.reflect.Method.invoke(Method.java:498)
	at org.testng.internal.MethodInvocationHelper.invokeMethod(MethodInvocationHelper.java:80)
	at org.testng.internal.Invoker.invokeMethod(Invoker.java:715)
	at org.testng.internal.Invoker.invokeTestMethod(Invoker.java:907)
	at org.testng.internal.Invoker.invokeTestMethods(Invoker.java:1237)
	at org.testng.internal.TestMethodWorker.invokeTestMethods(TestMethodWorker.java:127)
	at org.testng.internal.TestMethodWorker.run(TestMethodWorker.java:111)
	at org.testng.TestRunner.privateRun(TestRunner.java:767)
	at org.testng.TestRunner.run(TestRunner.java:617)
	at org.testng.SuiteRunner.runTest(SuiteRunner.java:334)
	at org.testng.SuiteRunner.runSequentially(SuiteRunner.java:329)
	at org.testng.SuiteRunner.privateRun(SuiteRunner.java:291)
	at org.testng.SuiteRunner.run(SuiteRunner.java:240)
	at org.testng.SuiteRunnerWorker.runSuite(SuiteRunnerWorker.java:51)
	at org.testng.SuiteRunnerWorker.run(SuiteRunnerWorker.java:85)
	at org.testng.TestNG.runSuitesSequentially(TestNG.java:1197)
	at org.testng.TestNG.runSuitesLocally(TestNG.java:1122)
	at org.testng.TestNG.run(TestNG.java:1030)
	at org.testng.remote.AbstractRemoteTestNG.run(AbstractRemoteTestNG.java:132)
	at org.testng.remote.RemoteTestNG.initAndRun(RemoteTestNG.java:230)
	at org.testng.remote.RemoteTestNG.main(RemoteTestNG.java:76)
]]>
    </failure>
  </testcase> <!-- verify_Header_Footer_alignment -->
  <testcase name="verify_Header_Footer_alignment" time="15.188" classname="com.galenframework.java.sample.tests.WelcomePageTest">
    <failure type="com.galenframework.parser.SyntaxException" message="Unknown statement: aligned horizontally centered mavrik-logo
    in /specs/mavrikCommon.spec:10">
      <![CDATA[com.galenframework.parser.SyntaxException: Unknown statement: aligned horizontally centered mavrik-logo
    in /specs/mavrikCommon.spec:10
	at com.galenframework.speclang2.pagespec.PageSectionProcessor.processSection(PageSectionProcessor.java:77)
	at com.galenframework.speclang2.pagespec.PageSectionProcessor.process(PageSectionProcessor.java:63)
	at com.galenframework.speclang2.pagespec.PostProcessor.processNode(PostProcessor.java:39)
	at com.galenframework.speclang2.pagespec.PostProcessor.process(PostProcessor.java:33)
	at com.galenframework.speclang2.pagespec.PageSpecReader.read(PageSpecReader.java:62)
	at com.galenframework.speclang2.pagespec.PageSpecReader.read(PageSpecReader.java:45)
	at com.galenframework.api.Galen.checkLayout(Galen.java:68)
	at com.galenframework.api.Galen.checkLayout(Galen.java:59)
	at com.galenframework.api.Galen.checkLayout(Galen.java:52)
	at com.galenframework.api.Galen.checkLayout(Galen.java:141)
	at com.galenframework.support.GalenJavaTestBase.checkLayout(GalenJavaTestBase.java:125)
	at com.galenframework.support.GalenJavaTestBase.checkLayout(GalenJavaTestBase.java:111)
	at com.galenframework.java.sample.tests.WelcomePageTest.verify_Header_Footer_alignment(WelcomePageTest.java:16)
	at sun.reflect.NativeMethodAccessorImpl.invoke0(Native Method)
	at sun.reflect.NativeMethodAccessorImpl.invoke(NativeMethodAccessorImpl.java:62)
	at sun.reflect.DelegatingMethodAccessorImpl.invoke(DelegatingMethodAccessorImpl.java:43)
	at java.lang.reflect.Method.invoke(Method.java:498)
	at org.testng.internal.MethodInvocationHelper.invokeMethod(MethodInvocationHelper.java:80)
	at org.testng.internal.Invoker.invokeMethod(Invoker.java:715)
	at org.testng.internal.Invoker.invokeTestMethod(Invoker.java:907)
	at org.testng.internal.Invoker.invokeTestMethods(Invoker.java:1237)
	at org.testng.internal.TestMethodWorker.invokeTestMethods(TestMethodWorker.java:127)
	at org.testng.internal.TestMethodWorker.run(TestMethodWorker.java:111)
	at org.testng.TestRunner.privateRun(TestRunner.java:767)
	at org.testng.TestRunner.run(TestRunner.java:617)
	at org.testng.SuiteRunner.runTest(SuiteRunner.java:334)
	at org.testng.SuiteRunner.runSequentially(SuiteRunner.java:329)
	at org.testng.SuiteRunner.privateRun(SuiteRunner.java:291)
	at org.testng.SuiteRunner.run(SuiteRunner.java:240)
	at org.testng.SuiteRunnerWorker.runSuite(SuiteRunnerWorker.java:51)
	at org.testng.SuiteRunnerWorker.run(SuiteRunnerWorker.java:85)
	at org.testng.TestNG.runSuitesSequentially(TestNG.java:1197)
	at org.testng.TestNG.runSuitesLocally(TestNG.java:1122)
	at org.testng.TestNG.run(TestNG.java:1030)
	at org.testng.remote.AbstractRemoteTestNG.run(AbstractRemoteTestNG.java:132)
	at org.testng.remote.RemoteTestNG.initAndRun(RemoteTestNG.java:230)
	at org.testng.remote.RemoteTestNG.main(RemoteTestNG.java:76)
]]>
    </failure>
  </testcase> <!-- verify_Header_Footer_alignment -->
  <testcase name="verify_Header_Footer_alignment" time="13.938" classname="com.galenframework.java.sample.tests.WelcomePageTest">
    <failure type="com.galenframework.parser.SyntaxException" message="Unknown statement: aligned horizontally centered mavrik-logo
    in /specs/mavrikCommon.spec:10">
      <![CDATA[com.galenframework.parser.SyntaxException: Unknown statement: aligned horizontally centered mavrik-logo
    in /specs/mavrikCommon.spec:10
	at com.galenframework.speclang2.pagespec.PageSectionProcessor.processSection(PageSectionProcessor.java:77)
	at com.galenframework.speclang2.pagespec.PageSectionProcessor.process(PageSectionProcessor.java:63)
	at com.galenframework.speclang2.pagespec.PostProcessor.processNode(PostProcessor.java:39)
	at com.galenframework.speclang2.pagespec.PostProcessor.process(PostProcessor.java:33)
	at com.galenframework.speclang2.pagespec.PageSpecReader.read(PageSpecReader.java:62)
	at com.galenframework.speclang2.pagespec.PageSpecReader.read(PageSpecReader.java:45)
	at com.galenframework.api.Galen.checkLayout(Galen.java:68)
	at com.galenframework.api.Galen.checkLayout(Galen.java:59)
	at com.galenframework.api.Galen.checkLayout(Galen.java:52)
	at com.galenframework.api.Galen.checkLayout(Galen.java:141)
	at com.galenframework.support.GalenJavaTestBase.checkLayout(GalenJavaTestBase.java:125)
	at com.galenframework.support.GalenJavaTestBase.checkLayout(GalenJavaTestBase.java:111)
	at com.galenframework.java.sample.tests.WelcomePageTest.verify_Header_Footer_alignment(WelcomePageTest.java:16)
	at sun.reflect.NativeMethodAccessorImpl.invoke0(Native Method)
	at sun.reflect.NativeMethodAccessorImpl.invoke(NativeMethodAccessorImpl.java:62)
	at sun.reflect.DelegatingMethodAccessorImpl.invoke(DelegatingMethodAccessorImpl.java:43)
	at java.lang.reflect.Method.invoke(Method.java:498)
	at org.testng.internal.MethodInvocationHelper.invokeMethod(MethodInvocationHelper.java:80)
	at org.testng.internal.Invoker.invokeMethod(Invoker.java:715)
	at org.testng.internal.Invoker.invokeTestMethod(Invoker.java:907)
	at org.testng.internal.Invoker.invokeTestMethods(Invoker.java:1237)
	at org.testng.internal.TestMethodWorker.invokeTestMethods(TestMethodWorker.java:127)
	at org.testng.internal.TestMethodWorker.run(TestMethodWorker.java:111)
	at org.testng.TestRunner.privateRun(TestRunner.java:767)
	at org.testng.TestRunner.run(TestRunner.java:617)
	at org.testng.SuiteRunner.runTest(SuiteRunner.java:334)
	at org.testng.SuiteRunner.runSequentially(SuiteRunner.java:329)
	at org.testng.SuiteRunner.privateRun(SuiteRunner.java:291)
	at org.testng.SuiteRunner.run(SuiteRunner.java:240)
	at org.testng.SuiteRunnerWorker.runSuite(SuiteRunnerWorker.java:51)
	at org.testng.SuiteRunnerWorker.run(SuiteRunnerWorker.java:85)
	at org.testng.TestNG.runSuitesSequentially(TestNG.java:1197)
	at org.testng.TestNG.runSuitesLocally(TestNG.java:1122)
	at org.testng.TestNG.run(TestNG.java:1030)
	at org.testng.remote.AbstractRemoteTestNG.run(AbstractRemoteTestNG.java:132)
	at org.testng.remote.RemoteTestNG.initAndRun(RemoteTestNG.java:230)
	at org.testng.remote.RemoteTestNG.main(RemoteTestNG.java:76)
]]>
    </failure>
  </testcase> <!-- verify_Header_Footer_alignment -->
</testsuite> <!-- com.galenframework.java.sample.tests.WelcomePageTest -->
