<?xml version="1.0" encoding="UTF-8"?>
<!-- Generated by org.testng.reporters.JUnitReportReporter -->
<testsuite hostname="110031-E7440" name="com.tivo.mavrik.guidedsetup.tests.WelcomePageTest" tests="4" failures="0" timestamp="18 Oct 2017 21:19:43 GMT" time="83.398" errors="0">
  <testcase name="getHomePageDump" time="18.007" classname="com.tivo.mavrik.guidedsetup.tests.WelcomePageTest"/>
  <testcase name="getHomePageDump" time="20.131" classname="com.tivo.mavrik.guidedsetup.tests.WelcomePageTest"/>
  <testcase name="getHomePageDump" time="19.607" classname="com.tivo.mavrik.guidedsetup.tests.WelcomePageTest"/>
  <testcase name="getHomePageDump" time="25.653" classname="com.tivo.mavrik.guidedsetup.tests.WelcomePageTest"/>
</testsuite> <!-- com.tivo.mavrik.guidedsetup.tests.WelcomePageTest -->
